<?xml version="1.0" encoding="UTF-8"?>
<!-- Generated by org.testng.reporters.JUnitReportReporter -->
<testsuite skipped="0" hostname="NAZIA-ACER-SWIFT" name="com.bank.testCases.TC002_LoginDataDriven" tests="1" failures="0" timestamp="05 Jan 2022 11:19:06 GMT" time="10.335" errors="0">
  <testcase name="loginDDT" time="10.335" classname="com.bank.testCases.TC002_LoginDataDriven"/>
</testsuite> <!-- com.bank.testCases.TC002_LoginDataDriven -->
